app/build/intermediates/manifest_merge_blame_file/debug/manifest-merger-blame-debug-report.txt
1<?xml version="1.0" encoding="utf-8"?>
2<manifest xmlns:android="http://schemas.android.com/apk/res/android"
3    package="com.hec.bluetooth"
4    android:versionCode="1"
5    android:versionName="1.0" >
6
7    <uses-sdk
8        android:minSdkVersion="19"
8-->src\main\AndroidManifest.xml
9        android:targetSdkVersion="33" />
9-->src\main\AndroidManifest.xml
10
11    <uses-permission android:name="android.permission.BLUETOOTH_ADVERTISE" />
11-->src\main\AndroidManifest.xml:7:5-78
11-->src\main\AndroidManifest.xml:7:22-75
12    <uses-permission android:name="android.permission.BLUETOOTH_CONNECT" />
12-->src\main\AndroidManifest.xml:8:5-76
12-->src\main\AndroidManifest.xml:8:22-73
13    <!-- <uses-permission android:name="android.permission.BLUETOOTH_CONNECT" /> -->
14    <uses-permission android:name="android.permission.BLUETOOTH_SCAN" />
14-->src\main\AndroidManifest.xml:10:5-73
14-->src\main\AndroidManifest.xml:10:22-70
15    <!-- <uses-permission android:name="android.permission.BLUETOOTH_SCAN" /> -->
16    <uses-permission android:name="android.permission.REQUEST_INSTALL_PACKAGES" />
16-->src\main\AndroidManifest.xml:12:5-83
16-->src\main\AndroidManifest.xml:12:22-80
17    <uses-permission android:name="android.permission.WRITE_EXTERNAL_STORAGE" />
17-->src\main\AndroidManifest.xml:14:5-81
17-->src\main\AndroidManifest.xml:14:22-78
18    <uses-permission android:name="android.permission.READ_EXTERNAL_STORAGE" />
18-->src\main\AndroidManifest.xml:15:5-80
18-->src\main\AndroidManifest.xml:15:22-77
19    <uses-permission android:name="android.permission.BLUETOOTH" />
19-->src\main\AndroidManifest.xml:16:5-68
19-->src\main\AndroidManifest.xml:16:22-65
20    <uses-permission android:name="android.permission.BLUETOOTH_ADMIN" />
20-->src\main\AndroidManifest.xml:17:5-74
20-->src\main\AndroidManifest.xml:17:22-71
21    <uses-permission android:name="android.permission.ACCESS_FINE_LOCATION" />
21-->src\main\AndroidManifest.xml:18:5-79
21-->src\main\AndroidManifest.xml:18:22-76
22    <uses-permission android:name="android.permission.ACCESS_COARSE_LOCATION" />
22-->src\main\AndroidManifest.xml:19:5-81
22-->src\main\AndroidManifest.xml:19:22-78
23
24    <application
24-->src\main\AndroidManifest.xml:21:5-45:19
25        android:allowBackup="true"
25-->src\main\AndroidManifest.xml:22:9-35
26        android:appComponentFactory="android.support.v4.app.CoreComponentFactory"
26-->[com.android.support:support-compat:28.0.0] AndroidManifest.xml:22:18-91
27        android:debuggable="true"
28        android:icon="@drawable/icon_app"
28-->src\main\AndroidManifest.xml:23:9-42
29        android:label="@string/app_name"
29-->src\main\AndroidManifest.xml:24:9-41
30        android:roundIcon="@drawable/icon_app"
30-->src\main\AndroidManifest.xml:25:9-47
31        android:supportsRtl="true"
31-->src\main\AndroidManifest.xml:26:9-35
32        android:testOnly="true"
33        android:theme="@style/AppTheme" >
33-->src\main\AndroidManifest.xml:27:9-40
34        <activity
34-->src\main\AndroidManifest.xml:29:9-33:56
35            android:name="com.hec.bluetooth.Activity.ChatActivity"
35-->src\main\AndroidManifest.xml:30:13-50
36            android:screenOrientation="portrait"
36-->src\main\AndroidManifest.xml:31:13-49
37            android:windowSoftInputMode="adjustResize|stateHidden" />
37-->src\main\AndroidManifest.xml:32:13-67
38        <activity
38-->src\main\AndroidManifest.xml:34:9-44:20
39            android:name="com.hec.bluetooth.Activity.MainActivity"
39-->src\main\AndroidManifest.xml:35:13-50
40            android:exported="true"
40-->src\main\AndroidManifest.xml:38:13-36
41            android:screenOrientation="portrait" >
41-->src\main\AndroidManifest.xml:36:13-49
42            <intent-filter>
42-->src\main\AndroidManifest.xml:39:13-43:29
43                <action android:name="android.intent.action.MAIN" />
43-->src\main\AndroidManifest.xml:40:17-69
43-->src\main\AndroidManifest.xml:40:25-66
44
45                <category android:name="android.intent.category.LAUNCHER" />
45-->src\main\AndroidManifest.xml:42:17-77
45-->src\main\AndroidManifest.xml:42:27-74
46            </intent-filter>
47        </activity>
48    </application>
49
50</manifest>